<?xml version="1.0" encoding="UTF-8"?>
<!-- Generated by org.testng.reporters.JUnitXMLReporter -->
<testsuite ignored="0" hostname="DESKTOP-J4BO6EL" failures="0" tests="2" name="Default test" time="212.056" errors="0" timestamp="2021-12-17T11:29:32 IST">
  <testcase classname="com.Vtiger.TC.TC003_CreateContactwithOrgnisationTest" name="CreateContactwithOrgnisationTest" time="90.214"/>
  <testcase classname="com.Vtiger.TC.TC003_CreateContactwithOrgnisationTest" name="contactCreation" time="16.879"/>
</testsuite> <!-- Default test -->
