<?xml version="1.0" encoding="UTF-8"?>
<!-- Generated by org.testng.reporters.JUnitXMLReporter -->
<testsuite ignored="0" hostname="DESKTOP-J4BO6EL" failures="0" tests="3" name="Default test" time="0.088" errors="0" timestamp="2021-12-13T11:25:14 IST">
  <testcase classname="com.sdet2.practice.PriorityTestngTest" name="abc" time="0.015"/>
  <testcase classname="com.sdet2.practice.PriorityTestngTest" name="bcd" time="0.002"/>
  <testcase classname="com.sdet2.practice.PriorityTestngTest" name="priority" time="0.002"/>
</testsuite> <!-- Default test -->
