<?xml version="1.0" encoding="UTF-8"?>
<testng-results ignored="0" total="2" passed="2" failed="0" skipped="0">
  <reporter-output>
  </reporter-output>
  <suite started-at="2021-12-17T11:26:00 IST" name="Default suite" finished-at="2021-12-17T11:29:32 IST" duration-ms="212056">
    <groups>
      <group name="SmokeTest">
        <method signature="TC003_CreateContactwithOrgnisationTest.CreateContactwithOrgnisationTest()[pri:0, instance:com.Vtiger.TC.TC003_CreateContactwithOrgnisationTest@13fd2ccd]" name="CreateContactwithOrgnisationTest" class="com.Vtiger.TC.TC003_CreateContactwithOrgnisationTest"/>
        <method signature="TC003_CreateContactwithOrgnisationTest.contactCreation()[pri:0, instance:com.Vtiger.TC.TC003_CreateContactwithOrgnisationTest@13fd2ccd]" name="contactCreation" class="com.Vtiger.TC.TC003_CreateContactwithOrgnisationTest"/>
      </group> <!-- SmokeTest -->
    </groups>
    <test started-at="2021-12-17T11:26:00 IST" name="Default test" finished-at="2021-12-17T11:29:32 IST" duration-ms="212056">
      <class name="com.Vtiger.TC.TC003_CreateContactwithOrgnisationTest">
        <test-method is-config="true" signature="setUp()[pri:0, instance:com.Vtiger.TC.TC003_CreateContactwithOrgnisationTest@13fd2ccd]" started-at="2021-12-17T11:26:00 IST" name="setUp" finished-at="2021-12-17T11:26:00 IST" duration-ms="13" status="PASS">
          <reporter-output>
          </reporter-output>
        </test-method> <!-- setUp -->
        <test-method is-config="true" signature="lauchBrowser_URL()[pri:0, instance:com.Vtiger.TC.TC003_CreateContactwithOrgnisationTest@13fd2ccd]" started-at="2021-12-17T11:26:00 IST" name="lauchBrowser_URL" finished-at="2021-12-17T11:27:01 IST" duration-ms="61603" status="PASS">
          <reporter-output>
          </reporter-output>
        </test-method> <!-- lauchBrowser_URL -->
        <test-method is-config="true" signature="loginToApp()[pri:0, instance:com.Vtiger.TC.TC003_CreateContactwithOrgnisationTest@13fd2ccd]" started-at="2021-12-17T11:27:01 IST" name="loginToApp" finished-at="2021-12-17T11:27:40 IST" duration-ms="39102" status="PASS">
          <reporter-output>
          </reporter-output>
        </test-method> <!-- loginToApp -->
        <test-method signature="CreateContactwithOrgnisationTest()[pri:0, instance:com.Vtiger.TC.TC003_CreateContactwithOrgnisationTest@13fd2ccd]" started-at="2021-12-17T11:27:40 IST" name="CreateContactwithOrgnisationTest" finished-at="2021-12-17T11:29:11 IST" duration-ms="90214" status="PASS">
          <reporter-output>
          </reporter-output>
        </test-method> <!-- CreateContactwithOrgnisationTest -->
        <test-method is-config="true" signature="signoutApp()[pri:0, instance:com.Vtiger.TC.TC003_CreateContactwithOrgnisationTest@13fd2ccd]" started-at="2021-12-17T11:29:11 IST" name="signoutApp" finished-at="2021-12-17T11:29:11 IST" duration-ms="6" status="PASS">
          <reporter-output>
          </reporter-output>
        </test-method> <!-- signoutApp -->
        <test-method is-config="true" signature="loginToApp()[pri:0, instance:com.Vtiger.TC.TC003_CreateContactwithOrgnisationTest@13fd2ccd]" started-at="2021-12-17T11:29:11 IST" name="loginToApp" finished-at="2021-12-17T11:29:15 IST" duration-ms="4170" status="PASS">
          <reporter-output>
          </reporter-output>
        </test-method> <!-- loginToApp -->
        <test-method signature="contactCreation()[pri:0, instance:com.Vtiger.TC.TC003_CreateContactwithOrgnisationTest@13fd2ccd]" started-at="2021-12-17T11:29:15 IST" name="contactCreation" finished-at="2021-12-17T11:29:32 IST" duration-ms="16879" status="PASS">
          <reporter-output>
          </reporter-output>
        </test-method> <!-- contactCreation -->
        <test-method is-config="true" signature="signoutApp()[pri:0, instance:com.Vtiger.TC.TC003_CreateContactwithOrgnisationTest@13fd2ccd]" started-at="2021-12-17T11:29:32 IST" name="signoutApp" finished-at="2021-12-17T11:29:32 IST" duration-ms="1" status="PASS">
          <reporter-output>
          </reporter-output>
        </test-method> <!-- signoutApp -->
        <test-method is-config="true" signature="closetheApp()[pri:0, instance:com.Vtiger.TC.TC003_CreateContactwithOrgnisationTest@13fd2ccd]" started-at="2021-12-17T11:29:32 IST" name="closetheApp" finished-at="2021-12-17T11:29:39 IST" duration-ms="7433" status="PASS">
          <reporter-output>
          </reporter-output>
        </test-method> <!-- closetheApp -->
      </class> <!-- com.Vtiger.TC.TC003_CreateContactwithOrgnisationTest -->
    </test> <!-- Default test -->
  </suite> <!-- Default suite -->
</testng-results>
